<?xml version="1.0" encoding="UTF-8"?>
<testsuite xmlns:xsi="http://www.w3.org/2001/XMLSchema-instance" xsi:noNamespaceSchemaLocation="https://maven.apache.org/surefire/maven-failsafe-plugin/xsd/failsafe-test-report.xsd" name="nz.ac.auckland.concert.test.ConcertResourceIT" time="1.919" tests="7" errors="0" skipped="0" failures="0">
  <properties>
[...]
</properties>
  <testcase name="testRetrieveWithRange_Xml" classname="nz.ac.auckland.concert.test.ConcertResourceIT" time="0.64"/>
  <testcase name="testRetrieve" classname="nz.ac.auckland.concert.test.ConcertResourceIT" time="0.064"/>
  <testcase name="testCreate_Xml" classname="nz.ac.auckland.concert.test.ConcertResourceIT" time="0.078"/>
  <testcase name="testRetrieveWithRange" classname="nz.ac.auckland.concert.test.ConcertResourceIT" time="0.024"/>
  <testcase name="testCreate" classname="nz.ac.auckland.concert.test.ConcertResourceIT" time="0.034"/>
  <testcase name="testDelete" classname="nz.ac.auckland.concert.test.ConcertResourceIT" time="0.019"/>
  <testcase name="testRetrieve_Xml" classname="nz.ac.auckland.concert.test.ConcertResourceIT" time="0.026"/>
</testsuite>