<?xml version="1.0" encoding="UTF-8" ?>
<testsuite tests="5" failures="1" name="nz.ac.auckland.concert.ConcertDAOTest" time="0.662" errors="4" skipped="0">
  <properties>
[...]
</properties>
  <testcase classname="nz.ac.auckland.concert.ConcertDAOTest" name="queryConcert" time="0.527">
    <failure message="expected not same" type="java.lang.AssertionError">java.lang.AssertionError: expected not same
	at org.junit.Assert.fail(Assert.java:88)
	at org.junit.Assert.failSame(Assert.java:819)
	at org.junit.Assert.assertNotSame(Assert.java:798)
	at org.junit.Assert.assertNotSame(Assert.java:811)
	at nz.ac.auckland.concert.ConcertDAOTest.queryConcert(ConcertDAOTest.java:96)
	at sun.reflect.NativeMethodAccessorImpl.invoke0(Native Method)
	at sun.reflect.NativeMethodAccessorImpl.invoke(NativeMethodAccessorImpl.java:62)
	at sun.reflect.DelegatingMethodAccessorImpl.invoke(DelegatingMethodAccessorImpl.java:43)
	at java.lang.reflect.Method.invoke(Method.java:498)
	at org.junit.runners.model.FrameworkMethod$1.runReflectiveCall(FrameworkMethod.java:50)
	at org.junit.internal.runners.model.ReflectiveCallable.run(ReflectiveCallable.java:12)
	at org.junit.runners.model.FrameworkMethod.invokeExplosively(FrameworkMethod.java:47)
	at org.junit.internal.runners.statements.InvokeMethod.evaluate(InvokeMethod.java:17)
	at org.junit.internal.runners.statements.RunBefores.evaluate(RunBefores.java:26)
	at org.junit.internal.runners.statements.RunAfters.evaluate(RunAfters.java:27)
	at org.junit.runners.ParentRunner.runLeaf(ParentRunner.java:325)
	at org.junit.runners.BlockJUnit4ClassRunner.runChild(BlockJUnit4ClassRunner.java:78)
	at org.junit.runners.BlockJUnit4ClassRunner.runChild(BlockJUnit4ClassRunner.java:57)
	at org.junit.runners.ParentRunner$3.run(ParentRunner.java:290)
	at org.junit.runners.ParentRunner$1.schedule(ParentRunner.java:71)
	at org.junit.runners.ParentRunner.runChildren(ParentRunner.java:288)
	at org.junit.runners.ParentRunner.access$000(ParentRunner.java:58)
	at org.junit.runners.ParentRunner$2.evaluate(ParentRunner.java:268)
	at org.junit.runners.ParentRunner.run(ParentRunner.java:363)
	at org.apache.maven.surefire.junit4.JUnit4Provider.execute(JUnit4Provider.java:252)
	at org.apache.maven.surefire.junit4.JUnit4Provider.executeTestSet(JUnit4Provider.java:141)
	at org.apache.maven.surefire.junit4.JUnit4Provider.invoke(JUnit4Provider.java:112)
	at sun.reflect.NativeMethodAccessorImpl.invoke0(Native Method)
	at sun.reflect.NativeMethodAccessorImpl.invoke(NativeMethodAccessorImpl.java:62)
	at sun.reflect.DelegatingMethodAccessorImpl.invoke(DelegatingMethodAccessorImpl.java:43)
	at java.lang.reflect.Method.invoke(Method.java:498)
	at org.apache.maven.surefire.util.ReflectionUtils.invokeMethodWithArray(ReflectionUtils.java:189)
	at org.apache.maven.surefire.booter.ProviderFactory$ProviderProxy.invoke(ProviderFactory.java:165)
	at org.apache.maven.surefire.booter.ProviderFactory.invokeProvider(ProviderFactory.java:85)
	at org.apache.maven.surefire.booter.ForkedBooter.runSuitesInProcess(ForkedBooter.java:115)
	at org.apache.maven.surefire.booter.ForkedBooter.main(ForkedBooter.java:75)
</failure>
    <system-err>org.h2.jdbc.JdbcSQLException: Syntax error in SQL statement &quot;SELECT FROM CONCERT C, PERFORMER P WHERE[*] C.ID = P.ID AND C.ID = ? &quot;; expected &quot;RIGHT, LEFT, FULL, INNER, JOIN, CROSS, NATURAL, ,, SELECT&quot;; SQL statement:
SELECT FROM CONCERT c, PERFORMER P WHERE c.ID = p.ID AND c.ID = ? [42001-187]
	at org.h2.message.DbException.getJdbcSQLException(DbException.java:345)
	at org.h2.message.DbException.getSyntaxError(DbException.java:205)
	at org.h2.command.Parser.getSyntaxError(Parser.java:525)
	at org.h2.command.Parser.read(Parser.java:3116)
	at org.h2.command.Parser.parseSelectSimple(Parser.java:1971)
	at org.h2.command.Parser.parseSelectSub(Parser.java:1868)
	at org.h2.command.Parser.parseSelectUnion(Parser.java:1689)
	at org.h2.command.Parser.parseSelect(Parser.java:1677)
	at org.h2.command.Parser.readTerm(Parser.java:2710)
	at org.h2.command.Parser.readFactor(Parser.java:2259)
	at org.h2.command.Parser.readSum(Parser.java:2246)
	at org.h2.command.Parser.readConcat(Parser.java:2216)
	at org.h2.command.Parser.readCondition(Parser.java:2066)
	at org.h2.command.Parser.readAnd(Parser.java:2038)
	at org.h2.command.Parser.readExpression(Parser.java:2030)
	at org.h2.command.Parser.parseSelectSimpleSelectPart(Parser.java:1942)
	at org.h2.command.Parser.parseSelectSimple(Parser.java:1974)
	at org.h2.command.Parser.parseSelectSub(Parser.java:1868)
	at org.h2.command.Parser.parseSelectUnion(Parser.java:1689)
	at org.h2.command.Parser.parseSelect(Parser.java:1677)
	at org.h2.command.Parser.parsePrepared(Parser.java:433)
	at org.h2.command.Parser.parse(Parser.java:305)
	at org.h2.command.Parser.parse(Parser.java:281)
	at org.h2.command.Parser.prepareCommand(Parser.java:242)
	at org.h2.engine.Session.prepareLocal(Session.java:461)
	at org.h2.engine.Session.prepareCommand(Session.java:403)
	at org.h2.jdbc.JdbcConnection.prepareCommand(JdbcConnection.java:1189)
	at org.h2.jdbc.JdbcStatement.executeQuery(JdbcStatement.java:73)
	at nz.ac.auckland.concert.JDBCConcertDAO.getById(JDBCConcertDAO.java:214)
	at nz.ac.auckland.concert.ConcertDAOTest.queryConcert(ConcertDAOTest.java:88)
	at sun.reflect.NativeMethodAccessorImpl.invoke0(Native Method)
	at sun.reflect.NativeMethodAccessorImpl.invoke(NativeMethodAccessorImpl.java:62)
	at sun.reflect.DelegatingMethodAccessorImpl.invoke(DelegatingMethodAccessorImpl.java:43)
	at java.lang.reflect.Method.invoke(Method.java:498)
	at org.junit.runners.model.FrameworkMethod$1.runReflectiveCall(FrameworkMethod.java:50)
	at org.junit.internal.runners.model.ReflectiveCallable.run(ReflectiveCallable.java:12)
	at org.junit.runners.model.FrameworkMethod.invokeExplosively(FrameworkMethod.java:47)
	at org.junit.internal.runners.statements.InvokeMethod.evaluate(InvokeMethod.java:17)
	at org.junit.internal.runners.statements.RunBefores.evaluate(RunBefores.java:26)
	at org.junit.internal.runners.statements.RunAfters.evaluate(RunAfters.java:27)
	at org.junit.runners.ParentRunner.runLeaf(ParentRunner.java:325)
	at org.junit.runners.BlockJUnit4ClassRunner.runChild(BlockJUnit4ClassRunner.java:78)
	at org.junit.runners.BlockJUnit4ClassRunner.runChild(BlockJUnit4ClassRunner.java:57)
	at org.junit.runners.ParentRunner$3.run(ParentRunner.java:290)
	at org.junit.runners.ParentRunner$1.schedule(ParentRunner.java:71)
	at org.junit.runners.ParentRunner.runChildren(ParentRunner.java:288)
	at org.junit.runners.ParentRunner.access$000(ParentRunner.java:58)
	at org.junit.runners.ParentRunner$2.evaluate(ParentRunner.java:268)
	at org.junit.runners.ParentRunner.run(ParentRunner.java:363)
	at org.apache.maven.surefire.junit4.JUnit4Provider.execute(JUnit4Provider.java:252)
	at org.apache.maven.surefire.junit4.JUnit4Provider.executeTestSet(JUnit4Provider.java:141)
	at org.apache.maven.surefire.junit4.JUnit4Provider.invoke(JUnit4Provider.java:112)
	at sun.reflect.NativeMethodAccessorImpl.invoke0(Native Method)
	at sun.reflect.NativeMethodAccessorImpl.invoke(NativeMethodAccessorImpl.java:62)
	at sun.reflect.DelegatingMethodAccessorImpl.invoke(DelegatingMethodAccessorImpl.java:43)
	at java.lang.reflect.Method.invoke(Method.java:498)
	at org.apache.maven.surefire.util.ReflectionUtils.invokeMethodWithArray(ReflectionUtils.java:189)
	at org.apache.maven.surefire.booter.ProviderFactory$ProviderProxy.invoke(ProviderFactory.java:165)
	at org.apache.maven.surefire.booter.ProviderFactory.invokeProvider(ProviderFactory.java:85)
	at org.apache.maven.surefire.booter.ForkedBooter.runSuitesInProcess(ForkedBooter.java:115)
	at org.apache.maven.surefire.booter.ForkedBooter.main(ForkedBooter.java:75)
org.h2.jdbc.JdbcSQLException: Syntax error in SQL statement &quot;SELECT FROM CONCERT C, PERFORMER P WHERE[*] C.ID = P.ID AND C.ID = ? &quot;; expected &quot;RIGHT, LEFT, FULL, INNER, JOIN, CROSS, NATURAL, ,, SELECT&quot;; SQL statement:
SELECT FROM CONCERT c, PERFORMER P WHERE c.ID = p.ID AND c.ID = ? [42001-187]
	at org.h2.message.DbException.getJdbcSQLException(DbException.java:345)
	at org.h2.message.DbException.getSyntaxError(DbException.java:205)
	at org.h2.command.Parser.getSyntaxError(Parser.java:525)
	at org.h2.command.Parser.read(Parser.java:3116)
	at org.h2.command.Parser.parseSelectSimple(Parser.java:1971)
	at org.h2.command.Parser.parseSelectSub(Parser.java:1868)
	at org.h2.command.Parser.parseSelectUnion(Parser.java:1689)
	at org.h2.command.Parser.parseSelect(Parser.java:1677)
	at org.h2.command.Parser.readTerm(Parser.java:2710)
	at org.h2.command.Parser.readFactor(Parser.java:2259)
	at org.h2.command.Parser.readSum(Parser.java:2246)
	at org.h2.command.Parser.readConcat(Parser.java:2216)
	at org.h2.command.Parser.readCondition(Parser.java:2066)
	at org.h2.command.Parser.readAnd(Parser.java:2038)
	at org.h2.command.Parser.readExpression(Parser.java:2030)
	at org.h2.command.Parser.parseSelectSimpleSelectPart(Parser.java:1942)
	at org.h2.command.Parser.parseSelectSimple(Parser.java:1974)
	at org.h2.command.Parser.parseSelectSub(Parser.java:1868)
	at org.h2.command.Parser.parseSelectUnion(Parser.java:1689)
	at org.h2.command.Parser.parseSelect(Parser.java:1677)
	at org.h2.command.Parser.parsePrepared(Parser.java:433)
	at org.h2.command.Parser.parse(Parser.java:305)
	at org.h2.command.Parser.parse(Parser.java:281)
	at org.h2.command.Parser.prepareCommand(Parser.java:242)
	at org.h2.engine.Session.prepareLocal(Session.java:461)
	at org.h2.engine.Session.prepareCommand(Session.java:403)
	at org.h2.jdbc.JdbcConnection.prepareCommand(JdbcConnection.java:1189)
	at org.h2.jdbc.JdbcStatement.executeQuery(JdbcStatement.java:73)
	at nz.ac.auckland.concert.JDBCConcertDAO.getById(JDBCConcertDAO.java:214)
	at nz.ac.auckland.concert.ConcertDAOTest.queryConcert(ConcertDAOTest.java:89)
	at sun.reflect.NativeMethodAccessorImpl.invoke0(Native Method)
	at sun.reflect.NativeMethodAccessorImpl.invoke(NativeMethodAccessorImpl.java:62)
	at sun.reflect.DelegatingMethodAccessorImpl.invoke(DelegatingMethodAccessorImpl.java:43)
	at java.lang.reflect.Method.invoke(Method.java:498)
	at org.junit.runners.model.FrameworkMethod$1.runReflectiveCall(FrameworkMethod.java:50)
	at org.junit.internal.runners.model.ReflectiveCallable.run(ReflectiveCallable.java:12)
	at org.junit.runners.model.FrameworkMethod.invokeExplosively(FrameworkMethod.java:47)
	at org.junit.internal.runners.statements.InvokeMethod.evaluate(InvokeMethod.java:17)
	at org.junit.internal.runners.statements.RunBefores.evaluate(RunBefores.java:26)
	at org.junit.internal.runners.statements.RunAfters.evaluate(RunAfters.java:27)
	at org.junit.runners.ParentRunner.runLeaf(ParentRunner.java:325)
	at org.junit.runners.BlockJUnit4ClassRunner.runChild(BlockJUnit4ClassRunner.java:78)
	at org.junit.runners.BlockJUnit4ClassRunner.runChild(BlockJUnit4ClassRunner.java:57)
	at org.junit.runners.ParentRunner$3.run(ParentRunner.java:290)
	at org.junit.runners.ParentRunner$1.schedule(ParentRunner.java:71)
	at org.junit.runners.ParentRunner.runChildren(ParentRunner.java:288)
	at org.junit.runners.ParentRunner.access$000(ParentRunner.java:58)
	at org.junit.runners.ParentRunner$2.evaluate(ParentRunner.java:268)
	at org.junit.runners.ParentRunner.run(ParentRunner.java:363)
	at org.apache.maven.surefire.junit4.JUnit4Provider.execute(JUnit4Provider.java:252)
	at org.apache.maven.surefire.junit4.JUnit4Provider.executeTestSet(JUnit4Provider.java:141)
	at org.apache.maven.surefire.junit4.JUnit4Provider.invoke(JUnit4Provider.java:112)
	at sun.reflect.NativeMethodAccessorImpl.invoke0(Native Method)
	at sun.reflect.NativeMethodAccessorImpl.invoke(NativeMethodAccessorImpl.java:62)
	at sun.reflect.DelegatingMethodAccessorImpl.invoke(DelegatingMethodAccessorImpl.java:43)
	at java.lang.reflect.Method.invoke(Method.java:498)
	at org.apache.maven.surefire.util.ReflectionUtils.invokeMethodWithArray(ReflectionUtils.java:189)
	at org.apache.maven.surefire.booter.ProviderFactory$ProviderProxy.invoke(ProviderFactory.java:165)
	at org.apache.maven.surefire.booter.ProviderFactory.invokeProvider(ProviderFactory.java:85)
	at org.apache.maven.surefire.booter.ForkedBooter.runSuitesInProcess(ForkedBooter.java:115)
	at org.apache.maven.surefire.booter.ForkedBooter.main(ForkedBooter.java:75)
</system-err>
  </testcase>
  <testcase classname="nz.ac.auckland.concert.ConcertDAOTest" name="addConcert" time="0.029">
    <error type="java.lang.NullPointerException">java.lang.NullPointerException
	at nz.ac.auckland.concert.ConcertDAOTest.addConcert(ConcertDAOTest.java:108)
	at sun.reflect.NativeMethodAccessorImpl.invoke0(Native Method)
	at sun.reflect.NativeMethodAccessorImpl.invoke(NativeMethodAccessorImpl.java:62)
	at sun.reflect.DelegatingMethodAccessorImpl.invoke(DelegatingMethodAccessorImpl.java:43)
	at java.lang.reflect.Method.invoke(Method.java:498)
	at org.junit.runners.model.FrameworkMethod$1.runReflectiveCall(FrameworkMethod.java:50)
	at org.junit.internal.runners.model.ReflectiveCallable.run(ReflectiveCallable.java:12)
	at org.junit.runners.model.FrameworkMethod.invokeExplosively(FrameworkMethod.java:47)
	at org.junit.internal.runners.statements.InvokeMethod.evaluate(InvokeMethod.java:17)
	at org.junit.internal.runners.statements.RunBefores.evaluate(RunBefores.java:26)
	at org.junit.internal.runners.statements.RunAfters.evaluate(RunAfters.java:27)
	at org.junit.runners.ParentRunner.runLeaf(ParentRunner.java:325)
	at org.junit.runners.BlockJUnit4ClassRunner.runChild(BlockJUnit4ClassRunner.java:78)
	at org.junit.runners.BlockJUnit4ClassRunner.runChild(BlockJUnit4ClassRunner.java:57)
	at org.junit.runners.ParentRunner$3.run(ParentRunner.java:290)
	at org.junit.runners.ParentRunner$1.schedule(ParentRunner.java:71)
	at org.junit.runners.ParentRunner.runChildren(ParentRunner.java:288)
	at org.junit.runners.ParentRunner.access$000(ParentRunner.java:58)
	at org.junit.runners.ParentRunner$2.evaluate(ParentRunner.java:268)
	at org.junit.runners.ParentRunner.run(ParentRunner.java:363)
	at org.apache.maven.surefire.junit4.JUnit4Provider.execute(JUnit4Provider.java:252)
	at org.apache.maven.surefire.junit4.JUnit4Provider.executeTestSet(JUnit4Provider.java:141)
	at org.apache.maven.surefire.junit4.JUnit4Provider.invoke(JUnit4Provider.java:112)
	at sun.reflect.NativeMethodAccessorImpl.invoke0(Native Method)
	at sun.reflect.NativeMethodAccessorImpl.invoke(NativeMethodAccessorImpl.java:62)
	at sun.reflect.DelegatingMethodAccessorImpl.invoke(DelegatingMethodAccessorImpl.java:43)
	at java.lang.reflect.Method.invoke(Method.java:498)
	at org.apache.maven.surefire.util.ReflectionUtils.invokeMethodWithArray(ReflectionUtils.java:189)
	at org.apache.maven.surefire.booter.ProviderFactory$ProviderProxy.invoke(ProviderFactory.java:165)
	at org.apache.maven.surefire.booter.ProviderFactory.invokeProvider(ProviderFactory.java:85)
	at org.apache.maven.surefire.booter.ForkedBooter.runSuitesInProcess(ForkedBooter.java:115)
	at org.apache.maven.surefire.booter.ForkedBooter.main(ForkedBooter.java:75)
</error>
    <system-err>org.h2.jdbc.JdbcSQLException: Syntax error in SQL statement &quot;SELECT FROM CONCERT C, PERFORMER P WHERE[*] C.ID = P.ID AND C.ID = ? &quot;; expected &quot;RIGHT, LEFT, FULL, INNER, JOIN, CROSS, NATURAL, ,, SELECT&quot;; SQL statement:
SELECT FROM CONCERT c, PERFORMER P WHERE c.ID = p.ID AND c.ID = ? [42001-187]
	at org.h2.message.DbException.getJdbcSQLException(DbException.java:345)
	at org.h2.message.DbException.getSyntaxError(DbException.java:205)
	at org.h2.command.Parser.getSyntaxError(Parser.java:525)
	at org.h2.command.Parser.read(Parser.java:3116)
	at org.h2.command.Parser.parseSelectSimple(Parser.java:1971)
	at org.h2.command.Parser.parseSelectSub(Parser.java:1868)
	at org.h2.command.Parser.parseSelectUnion(Parser.java:1689)
	at org.h2.command.Parser.parseSelect(Parser.java:1677)
	at org.h2.command.Parser.readTerm(Parser.java:2710)
	at org.h2.command.Parser.readFactor(Parser.java:2259)
	at org.h2.command.Parser.readSum(Parser.java:2246)
	at org.h2.command.Parser.readConcat(Parser.java:2216)
	at org.h2.command.Parser.readCondition(Parser.java:2066)
	at org.h2.command.Parser.readAnd(Parser.java:2038)
	at org.h2.command.Parser.readExpression(Parser.java:2030)
	at org.h2.command.Parser.parseSelectSimpleSelectPart(Parser.java:1942)
	at org.h2.command.Parser.parseSelectSimple(Parser.java:1974)
	at org.h2.command.Parser.parseSelectSub(Parser.java:1868)
	at org.h2.command.Parser.parseSelectUnion(Parser.java:1689)
	at org.h2.command.Parser.parseSelect(Parser.java:1677)
	at org.h2.command.Parser.parsePrepared(Parser.java:433)
	at org.h2.command.Parser.parse(Parser.java:305)
	at org.h2.command.Parser.parse(Parser.java:281)
	at org.h2.command.Parser.prepareCommand(Parser.java:242)
	at org.h2.engine.Session.prepareLocal(Session.java:461)
	at org.h2.engine.Session.prepareCommand(Session.java:403)
	at org.h2.jdbc.JdbcConnection.prepareCommand(JdbcConnection.java:1189)
	at org.h2.jdbc.JdbcStatement.executeQuery(JdbcStatement.java:73)
	at nz.ac.auckland.concert.JDBCConcertDAO.getById(JDBCConcertDAO.java:214)
	at nz.ac.auckland.concert.ConcertDAOTest.addConcert(ConcertDAOTest.java:107)
	at sun.reflect.NativeMethodAccessorImpl.invoke0(Native Method)
	at sun.reflect.NativeMethodAccessorImpl.invoke(NativeMethodAccessorImpl.java:62)
	at sun.reflect.DelegatingMethodAccessorImpl.invoke(DelegatingMethodAccessorImpl.java:43)
	at java.lang.reflect.Method.invoke(Method.java:498)
	at org.junit.runners.model.FrameworkMethod$1.runReflectiveCall(FrameworkMethod.java:50)
	at org.junit.internal.runners.model.ReflectiveCallable.run(ReflectiveCallable.java:12)
	at org.junit.runners.model.FrameworkMethod.invokeExplosively(FrameworkMethod.java:47)
	at org.junit.internal.runners.statements.InvokeMethod.evaluate(InvokeMethod.java:17)
	at org.junit.internal.runners.statements.RunBefores.evaluate(RunBefores.java:26)
	at org.junit.internal.runners.statements.RunAfters.evaluate(RunAfters.java:27)
	at org.junit.runners.ParentRunner.runLeaf(ParentRunner.java:325)
	at org.junit.runners.BlockJUnit4ClassRunner.runChild(BlockJUnit4ClassRunner.java:78)
	at org.junit.runners.BlockJUnit4ClassRunner.runChild(BlockJUnit4ClassRunner.java:57)
	at org.junit.runners.ParentRunner$3.run(ParentRunner.java:290)
	at org.junit.runners.ParentRunner$1.schedule(ParentRunner.java:71)
	at org.junit.runners.ParentRunner.runChildren(ParentRunner.java:288)
	at org.junit.runners.ParentRunner.access$000(ParentRunner.java:58)
	at org.junit.runners.ParentRunner$2.evaluate(ParentRunner.java:268)
	at org.junit.runners.ParentRunner.run(ParentRunner.java:363)
	at org.apache.maven.surefire.junit4.JUnit4Provider.execute(JUnit4Provider.java:252)
	at org.apache.maven.surefire.junit4.JUnit4Provider.executeTestSet(JUnit4Provider.java:141)
	at org.apache.maven.surefire.junit4.JUnit4Provider.invoke(JUnit4Provider.java:112)
	at sun.reflect.NativeMethodAccessorImpl.invoke0(Native Method)
	at sun.reflect.NativeMethodAccessorImpl.invoke(NativeMethodAccessorImpl.java:62)
	at sun.reflect.DelegatingMethodAccessorImpl.invoke(DelegatingMethodAccessorImpl.java:43)
	at java.lang.reflect.Method.invoke(Method.java:498)
	at org.apache.maven.surefire.util.ReflectionUtils.invokeMethodWithArray(ReflectionUtils.java:189)
	at org.apache.maven.surefire.booter.ProviderFactory$ProviderProxy.invoke(ProviderFactory.java:165)
	at org.apache.maven.surefire.booter.ProviderFactory.invokeProvider(ProviderFactory.java:85)
	at org.apache.maven.surefire.booter.ForkedBooter.runSuitesInProcess(ForkedBooter.java:115)
	at org.apache.maven.surefire.booter.ForkedBooter.main(ForkedBooter.java:75)
</system-err>
  </testcase>
  <testcase classname="nz.ac.auckland.concert.ConcertDAOTest" name="updateConcertAndPerformer" time="0.05">
    <error type="java.lang.NullPointerException">java.lang.NullPointerException
	at nz.ac.auckland.concert.ConcertDAOTest.updateConcertAndPerformer(ConcertDAOTest.java:159)
	at sun.reflect.NativeMethodAccessorImpl.invoke0(Native Method)
	at sun.reflect.NativeMethodAccessorImpl.invoke(NativeMethodAccessorImpl.java:62)
	at sun.reflect.DelegatingMethodAccessorImpl.invoke(DelegatingMethodAccessorImpl.java:43)
	at java.lang.reflect.Method.invoke(Method.java:498)
	at org.junit.runners.model.FrameworkMethod$1.runReflectiveCall(FrameworkMethod.java:50)
	at org.junit.internal.runners.model.ReflectiveCallable.run(ReflectiveCallable.java:12)
	at org.junit.runners.model.FrameworkMethod.invokeExplosively(FrameworkMethod.java:47)
	at org.junit.internal.runners.statements.InvokeMethod.evaluate(InvokeMethod.java:17)
	at org.junit.internal.runners.statements.RunBefores.evaluate(RunBefores.java:26)
	at org.junit.internal.runners.statements.RunAfters.evaluate(RunAfters.java:27)
	at org.junit.runners.ParentRunner.runLeaf(ParentRunner.java:325)
	at org.junit.runners.BlockJUnit4ClassRunner.runChild(BlockJUnit4ClassRunner.java:78)
	at org.junit.runners.BlockJUnit4ClassRunner.runChild(BlockJUnit4ClassRunner.java:57)
	at org.junit.runners.ParentRunner$3.run(ParentRunner.java:290)
	at org.junit.runners.ParentRunner$1.schedule(ParentRunner.java:71)
	at org.junit.runners.ParentRunner.runChildren(ParentRunner.java:288)
	at org.junit.runners.ParentRunner.access$000(ParentRunner.java:58)
	at org.junit.runners.ParentRunner$2.evaluate(ParentRunner.java:268)
	at org.junit.runners.ParentRunner.run(ParentRunner.java:363)
	at org.apache.maven.surefire.junit4.JUnit4Provider.execute(JUnit4Provider.java:252)
	at org.apache.maven.surefire.junit4.JUnit4Provider.executeTestSet(JUnit4Provider.java:141)
	at org.apache.maven.surefire.junit4.JUnit4Provider.invoke(JUnit4Provider.java:112)
	at sun.reflect.NativeMethodAccessorImpl.invoke0(Native Method)
	at sun.reflect.NativeMethodAccessorImpl.invoke(NativeMethodAccessorImpl.java:62)
	at sun.reflect.DelegatingMethodAccessorImpl.invoke(DelegatingMethodAccessorImpl.java:43)
	at java.lang.reflect.Method.invoke(Method.java:498)
	at org.apache.maven.surefire.util.ReflectionUtils.invokeMethodWithArray(ReflectionUtils.java:189)
	at org.apache.maven.surefire.booter.ProviderFactory$ProviderProxy.invoke(ProviderFactory.java:165)
	at org.apache.maven.surefire.booter.ProviderFactory.invokeProvider(ProviderFactory.java:85)
	at org.apache.maven.surefire.booter.ForkedBooter.runSuitesInProcess(ForkedBooter.java:115)
	at org.apache.maven.surefire.booter.ForkedBooter.main(ForkedBooter.java:75)
</error>
    <system-err>org.h2.jdbc.JdbcSQLException: Syntax error in SQL statement &quot;SELECT FROM CONCERT C, PERFORMER P WHERE[*] C.ID = P.ID AND C.ID = ? &quot;; expected &quot;RIGHT, LEFT, FULL, INNER, JOIN, CROSS, NATURAL, ,, SELECT&quot;; SQL statement:
SELECT FROM CONCERT c, PERFORMER P WHERE c.ID = p.ID AND c.ID = ? [42001-187]
	at org.h2.message.DbException.getJdbcSQLException(DbException.java:345)
	at org.h2.message.DbException.getSyntaxError(DbException.java:205)
	at org.h2.command.Parser.getSyntaxError(Parser.java:525)
	at org.h2.command.Parser.read(Parser.java:3116)
	at org.h2.command.Parser.parseSelectSimple(Parser.java:1971)
	at org.h2.command.Parser.parseSelectSub(Parser.java:1868)
	at org.h2.command.Parser.parseSelectUnion(Parser.java:1689)
	at org.h2.command.Parser.parseSelect(Parser.java:1677)
	at org.h2.command.Parser.readTerm(Parser.java:2710)
	at org.h2.command.Parser.readFactor(Parser.java:2259)
	at org.h2.command.Parser.readSum(Parser.java:2246)
	at org.h2.command.Parser.readConcat(Parser.java:2216)
	at org.h2.command.Parser.readCondition(Parser.java:2066)
	at org.h2.command.Parser.readAnd(Parser.java:2038)
	at org.h2.command.Parser.readExpression(Parser.java:2030)
	at org.h2.command.Parser.parseSelectSimpleSelectPart(Parser.java:1942)
	at org.h2.command.Parser.parseSelectSimple(Parser.java:1974)
	at org.h2.command.Parser.parseSelectSub(Parser.java:1868)
	at org.h2.command.Parser.parseSelectUnion(Parser.java:1689)
	at org.h2.command.Parser.parseSelect(Parser.java:1677)
	at org.h2.command.Parser.parsePrepared(Parser.java:433)
	at org.h2.command.Parser.parse(Parser.java:305)
	at org.h2.command.Parser.parse(Parser.java:281)
	at org.h2.command.Parser.prepareCommand(Parser.java:242)
	at org.h2.engine.Session.prepareLocal(Session.java:461)
	at org.h2.engine.Session.prepareCommand(Session.java:403)
	at org.h2.jdbc.JdbcConnection.prepareCommand(JdbcConnection.java:1189)
	at org.h2.jdbc.JdbcStatement.executeQuery(JdbcStatement.java:73)
	at nz.ac.auckland.concert.JDBCConcertDAO.getById(JDBCConcertDAO.java:214)
	at nz.ac.auckland.concert.ConcertDAOTest.updateConcertAndPerformer(ConcertDAOTest.java:155)
	at sun.reflect.NativeMethodAccessorImpl.invoke0(Native Method)
	at sun.reflect.NativeMethodAccessorImpl.invoke(NativeMethodAccessorImpl.java:62)
	at sun.reflect.DelegatingMethodAccessorImpl.invoke(DelegatingMethodAccessorImpl.java:43)
	at java.lang.reflect.Method.invoke(Method.java:498)
	at org.junit.runners.model.FrameworkMethod$1.runReflectiveCall(FrameworkMethod.java:50)
	at org.junit.internal.runners.model.ReflectiveCallable.run(ReflectiveCallable.java:12)
	at org.junit.runners.model.FrameworkMethod.invokeExplosively(FrameworkMethod.java:47)
	at org.junit.internal.runners.statements.InvokeMethod.evaluate(InvokeMethod.java:17)
	at org.junit.internal.runners.statements.RunBefores.evaluate(RunBefores.java:26)
	at org.junit.internal.runners.statements.RunAfters.evaluate(RunAfters.java:27)
	at org.junit.runners.ParentRunner.runLeaf(ParentRunner.java:325)
	at org.junit.runners.BlockJUnit4ClassRunner.runChild(BlockJUnit4ClassRunner.java:78)
	at org.junit.runners.BlockJUnit4ClassRunner.runChild(BlockJUnit4ClassRunner.java:57)
	at org.junit.runners.ParentRunner$3.run(ParentRunner.java:290)
	at org.junit.runners.ParentRunner$1.schedule(ParentRunner.java:71)
	at org.junit.runners.ParentRunner.runChildren(ParentRunner.java:288)
	at org.junit.runners.ParentRunner.access$000(ParentRunner.java:58)
	at org.junit.runners.ParentRunner$2.evaluate(ParentRunner.java:268)
	at org.junit.runners.ParentRunner.run(ParentRunner.java:363)
	at org.apache.maven.surefire.junit4.JUnit4Provider.execute(JUnit4Provider.java:252)
	at org.apache.maven.surefire.junit4.JUnit4Provider.executeTestSet(JUnit4Provider.java:141)
	at org.apache.maven.surefire.junit4.JUnit4Provider.invoke(JUnit4Provider.java:112)
	at sun.reflect.NativeMethodAccessorImpl.invoke0(Native Method)
	at sun.reflect.NativeMethodAccessorImpl.invoke(NativeMethodAccessorImpl.java:62)
	at sun.reflect.DelegatingMethodAccessorImpl.invoke(DelegatingMethodAccessorImpl.java:43)
	at java.lang.reflect.Method.invoke(Method.java:498)
	at org.apache.maven.surefire.util.ReflectionUtils.invokeMethodWithArray(ReflectionUtils.java:189)
	at org.apache.maven.surefire.booter.ProviderFactory$ProviderProxy.invoke(ProviderFactory.java:165)
	at org.apache.maven.surefire.booter.ProviderFactory.invokeProvider(ProviderFactory.java:85)
	at org.apache.maven.surefire.booter.ForkedBooter.runSuitesInProcess(ForkedBooter.java:115)
	at org.apache.maven.surefire.booter.ForkedBooter.main(ForkedBooter.java:75)
</system-err>
  </testcase>
  <testcase classname="nz.ac.auckland.concert.ConcertDAOTest" name="queryAllConcerts" time="0.018">
    <error type="java.lang.NullPointerException">java.lang.NullPointerException
	at nz.ac.auckland.concert.ConcertDAOTest.queryAllConcerts(ConcertDAOTest.java:43)
	at sun.reflect.NativeMethodAccessorImpl.invoke0(Native Method)
	at sun.reflect.NativeMethodAccessorImpl.invoke(NativeMethodAccessorImpl.java:62)
	at sun.reflect.DelegatingMethodAccessorImpl.invoke(DelegatingMethodAccessorImpl.java:43)
	at java.lang.reflect.Method.invoke(Method.java:498)
	at org.junit.runners.model.FrameworkMethod$1.runReflectiveCall(FrameworkMethod.java:50)
	at org.junit.internal.runners.model.ReflectiveCallable.run(ReflectiveCallable.java:12)
	at org.junit.runners.model.FrameworkMethod.invokeExplosively(FrameworkMethod.java:47)
	at org.junit.internal.runners.statements.InvokeMethod.evaluate(InvokeMethod.java:17)
	at org.junit.internal.runners.statements.RunBefores.evaluate(RunBefores.java:26)
	at org.junit.internal.runners.statements.RunAfters.evaluate(RunAfters.java:27)
	at org.junit.runners.ParentRunner.runLeaf(ParentRunner.java:325)
	at org.junit.runners.BlockJUnit4ClassRunner.runChild(BlockJUnit4ClassRunner.java:78)
	at org.junit.runners.BlockJUnit4ClassRunner.runChild(BlockJUnit4ClassRunner.java:57)
	at org.junit.runners.ParentRunner$3.run(ParentRunner.java:290)
	at org.junit.runners.ParentRunner$1.schedule(ParentRunner.java:71)
	at org.junit.runners.ParentRunner.runChildren(ParentRunner.java:288)
	at org.junit.runners.ParentRunner.access$000(ParentRunner.java:58)
	at org.junit.runners.ParentRunner$2.evaluate(ParentRunner.java:268)
	at org.junit.runners.ParentRunner.run(ParentRunner.java:363)
	at org.apache.maven.surefire.junit4.JUnit4Provider.execute(JUnit4Provider.java:252)
	at org.apache.maven.surefire.junit4.JUnit4Provider.executeTestSet(JUnit4Provider.java:141)
	at org.apache.maven.surefire.junit4.JUnit4Provider.invoke(JUnit4Provider.java:112)
	at sun.reflect.NativeMethodAccessorImpl.invoke0(Native Method)
	at sun.reflect.NativeMethodAccessorImpl.invoke(NativeMethodAccessorImpl.java:62)
	at sun.reflect.DelegatingMethodAccessorImpl.invoke(DelegatingMethodAccessorImpl.java:43)
	at java.lang.reflect.Method.invoke(Method.java:498)
	at org.apache.maven.surefire.util.ReflectionUtils.invokeMethodWithArray(ReflectionUtils.java:189)
	at org.apache.maven.surefire.booter.ProviderFactory$ProviderProxy.invoke(ProviderFactory.java:165)
	at org.apache.maven.surefire.booter.ProviderFactory.invokeProvider(ProviderFactory.java:85)
	at org.apache.maven.surefire.booter.ForkedBooter.runSuitesInProcess(ForkedBooter.java:115)
	at org.apache.maven.surefire.booter.ForkedBooter.main(ForkedBooter.java:75)
</error>
  </testcase>
  <testcase classname="nz.ac.auckland.concert.ConcertDAOTest" name="deleteConcert" time="0.038">
    <error type="java.lang.NullPointerException">java.lang.NullPointerException
	at nz.ac.auckland.concert.JDBCConcertDAO.deleteConcert(JDBCConcertDAO.java:252)
	at nz.ac.auckland.concert.ConcertDAOTest.deleteConcert(ConcertDAOTest.java:141)
	at sun.reflect.NativeMethodAccessorImpl.invoke0(Native Method)
	at sun.reflect.NativeMethodAccessorImpl.invoke(NativeMethodAccessorImpl.java:62)
	at sun.reflect.DelegatingMethodAccessorImpl.invoke(DelegatingMethodAccessorImpl.java:43)
	at java.lang.reflect.Method.invoke(Method.java:498)
	at org.junit.runners.model.FrameworkMethod$1.runReflectiveCall(FrameworkMethod.java:50)
	at org.junit.internal.runners.model.ReflectiveCallable.run(ReflectiveCallable.java:12)
	at org.junit.runners.model.FrameworkMethod.invokeExplosively(FrameworkMethod.java:47)
	at org.junit.internal.runners.statements.InvokeMethod.evaluate(InvokeMethod.java:17)
	at org.junit.internal.runners.statements.RunBefores.evaluate(RunBefores.java:26)
	at org.junit.internal.runners.statements.RunAfters.evaluate(RunAfters.java:27)
	at org.junit.runners.ParentRunner.runLeaf(ParentRunner.java:325)
	at org.junit.runners.BlockJUnit4ClassRunner.runChild(BlockJUnit4ClassRunner.java:78)
	at org.junit.runners.BlockJUnit4ClassRunner.runChild(BlockJUnit4ClassRunner.java:57)
	at org.junit.runners.ParentRunner$3.run(ParentRunner.java:290)
	at org.junit.runners.ParentRunner$1.schedule(ParentRunner.java:71)
	at org.junit.runners.ParentRunner.runChildren(ParentRunner.java:288)
	at org.junit.runners.ParentRunner.access$000(ParentRunner.java:58)
	at org.junit.runners.ParentRunner$2.evaluate(ParentRunner.java:268)
	at org.junit.runners.ParentRunner.run(ParentRunner.java:363)
	at org.apache.maven.surefire.junit4.JUnit4Provider.execute(JUnit4Provider.java:252)
	at org.apache.maven.surefire.junit4.JUnit4Provider.executeTestSet(JUnit4Provider.java:141)
	at org.apache.maven.surefire.junit4.JUnit4Provider.invoke(JUnit4Provider.java:112)
	at sun.reflect.NativeMethodAccessorImpl.invoke0(Native Method)
	at sun.reflect.NativeMethodAccessorImpl.invoke(NativeMethodAccessorImpl.java:62)
	at sun.reflect.DelegatingMethodAccessorImpl.invoke(DelegatingMethodAccessorImpl.java:43)
	at java.lang.reflect.Method.invoke(Method.java:498)
	at org.apache.maven.surefire.util.ReflectionUtils.invokeMethodWithArray(ReflectionUtils.java:189)
	at org.apache.maven.surefire.booter.ProviderFactory$ProviderProxy.invoke(ProviderFactory.java:165)
	at org.apache.maven.surefire.booter.ProviderFactory.invokeProvider(ProviderFactory.java:85)
	at org.apache.maven.surefire.booter.ForkedBooter.runSuitesInProcess(ForkedBooter.java:115)
	at org.apache.maven.surefire.booter.ForkedBooter.main(ForkedBooter.java:75)
</error>
    <system-err>org.h2.jdbc.JdbcSQLException: Syntax error in SQL statement &quot;SELECT FROM CONCERT C, PERFORMER P WHERE[*] C.ID = P.ID AND C.ID = ? &quot;; expected &quot;RIGHT, LEFT, FULL, INNER, JOIN, CROSS, NATURAL, ,, SELECT&quot;; SQL statement:
SELECT FROM CONCERT c, PERFORMER P WHERE c.ID = p.ID AND c.ID = ? [42001-187]
	at org.h2.message.DbException.getJdbcSQLException(DbException.java:345)
	at org.h2.message.DbException.getSyntaxError(DbException.java:205)
	at org.h2.command.Parser.getSyntaxError(Parser.java:525)
	at org.h2.command.Parser.read(Parser.java:3116)
	at org.h2.command.Parser.parseSelectSimple(Parser.java:1971)
	at org.h2.command.Parser.parseSelectSub(Parser.java:1868)
	at org.h2.command.Parser.parseSelectUnion(Parser.java:1689)
	at org.h2.command.Parser.parseSelect(Parser.java:1677)
	at org.h2.command.Parser.readTerm(Parser.java:2710)
	at org.h2.command.Parser.readFactor(Parser.java:2259)
	at org.h2.command.Parser.readSum(Parser.java:2246)
	at org.h2.command.Parser.readConcat(Parser.java:2216)
	at org.h2.command.Parser.readCondition(Parser.java:2066)
	at org.h2.command.Parser.readAnd(Parser.java:2038)
	at org.h2.command.Parser.readExpression(Parser.java:2030)
	at org.h2.command.Parser.parseSelectSimpleSelectPart(Parser.java:1942)
	at org.h2.command.Parser.parseSelectSimple(Parser.java:1974)
	at org.h2.command.Parser.parseSelectSub(Parser.java:1868)
	at org.h2.command.Parser.parseSelectUnion(Parser.java:1689)
	at org.h2.command.Parser.parseSelect(Parser.java:1677)
	at org.h2.command.Parser.parsePrepared(Parser.java:433)
	at org.h2.command.Parser.parse(Parser.java:305)
	at org.h2.command.Parser.parse(Parser.java:281)
	at org.h2.command.Parser.prepareCommand(Parser.java:242)
	at org.h2.engine.Session.prepareLocal(Session.java:461)
	at org.h2.engine.Session.prepareCommand(Session.java:403)
	at org.h2.jdbc.JdbcConnection.prepareCommand(JdbcConnection.java:1189)
	at org.h2.jdbc.JdbcStatement.executeQuery(JdbcStatement.java:73)
	at nz.ac.auckland.concert.JDBCConcertDAO.getById(JDBCConcertDAO.java:214)
	at nz.ac.auckland.concert.ConcertDAOTest.deleteConcert(ConcertDAOTest.java:138)
	at sun.reflect.NativeMethodAccessorImpl.invoke0(Native Method)
	at sun.reflect.NativeMethodAccessorImpl.invoke(NativeMethodAccessorImpl.java:62)
	at sun.reflect.DelegatingMethodAccessorImpl.invoke(DelegatingMethodAccessorImpl.java:43)
	at java.lang.reflect.Method.invoke(Method.java:498)
	at org.junit.runners.model.FrameworkMethod$1.runReflectiveCall(FrameworkMethod.java:50)
	at org.junit.internal.runners.model.ReflectiveCallable.run(ReflectiveCallable.java:12)
	at org.junit.runners.model.FrameworkMethod.invokeExplosively(FrameworkMethod.java:47)
	at org.junit.internal.runners.statements.InvokeMethod.evaluate(InvokeMethod.java:17)
	at org.junit.internal.runners.statements.RunBefores.evaluate(RunBefores.java:26)
	at org.junit.internal.runners.statements.RunAfters.evaluate(RunAfters.java:27)
	at org.junit.runners.ParentRunner.runLeaf(ParentRunner.java:325)
	at org.junit.runners.BlockJUnit4ClassRunner.runChild(BlockJUnit4ClassRunner.java:78)
	at org.junit.runners.BlockJUnit4ClassRunner.runChild(BlockJUnit4ClassRunner.java:57)
	at org.junit.runners.ParentRunner$3.run(ParentRunner.java:290)
	at org.junit.runners.ParentRunner$1.schedule(ParentRunner.java:71)
	at org.junit.runners.ParentRunner.runChildren(ParentRunner.java:288)
	at org.junit.runners.ParentRunner.access$000(ParentRunner.java:58)
	at org.junit.runners.ParentRunner$2.evaluate(ParentRunner.java:268)
	at org.junit.runners.ParentRunner.run(ParentRunner.java:363)
	at org.apache.maven.surefire.junit4.JUnit4Provider.execute(JUnit4Provider.java:252)
	at org.apache.maven.surefire.junit4.JUnit4Provider.executeTestSet(JUnit4Provider.java:141)
	at org.apache.maven.surefire.junit4.JUnit4Provider.invoke(JUnit4Provider.java:112)
	at sun.reflect.NativeMethodAccessorImpl.invoke0(Native Method)
	at sun.reflect.NativeMethodAccessorImpl.invoke(NativeMethodAccessorImpl.java:62)
	at sun.reflect.DelegatingMethodAccessorImpl.invoke(DelegatingMethodAccessorImpl.java:43)
	at java.lang.reflect.Method.invoke(Method.java:498)
	at org.apache.maven.surefire.util.ReflectionUtils.invokeMethodWithArray(ReflectionUtils.java:189)
	at org.apache.maven.surefire.booter.ProviderFactory$ProviderProxy.invoke(ProviderFactory.java:165)
	at org.apache.maven.surefire.booter.ProviderFactory.invokeProvider(ProviderFactory.java:85)
	at org.apache.maven.surefire.booter.ForkedBooter.runSuitesInProcess(ForkedBooter.java:115)
	at org.apache.maven.surefire.booter.ForkedBooter.main(ForkedBooter.java:75)
</system-err>
  </testcase>
</testsuite>